TN:
SF:src/BaseRaptorFuzz.sol
DA:4,0
DA:5,0
LF:2
LH:0
end_of_record
TN:
SF:src/Counter.sol
DA:6,0
DA:7,0
DA:9,0
DA:10,0
LF:4
LH:0
end_of_record
TN:
SF:src/CounterLinked.sol
DA:6,0
DA:7,0
DA:9,0
DA:10,0
LF:4
LH:0
end_of_record
TN:
SF:src/CoverageBranch.sol
DA:4,0
DA:5,0
DA:6,0
DA:7,0
DA:8,0
DA:9,0
LF:6
LH:0
end_of_record
TN:
SF:src/CoverageDeploy.sol
DA:4,0
DA:5,0
DA:8,0
DA:9,0
DA:10,0
DA:11,0
LF:6
LH:0
end_of_record
TN:
SF:src/CoverageDepth.sol
DA:4,0
DA:5,0
DA:8,0
DA:9,0
DA:11,0
DA:12,0
DA:15,0
DA:16,0
DA:19,0
DA:20,0
LF:10
LH:0
end_of_record
TN:
SF:src/CoverageDuplicate.sol
DA:4,0
DA:5,0
DA:8,0
DA:9,0
DA:10,0
DA:12,0
DA:13,0
DA:14,0
DA:17,0
DA:18,0
DA:21,0
DA:22,0
LF:12
LH:0
end_of_record
TN:
SF:src/CoverageInitcodeFactory.sol
DA:4,0
DA:5,0
DA:9,0
DA:12,0
DA:13,0
DA:14,0
DA:15,0
LF:7
LH:0
end_of_record
TN:
SF:src/CoverageLoop.sol
DA:4,0
DA:5,0
DA:6,0
DA:7,0
LF:4
LH:0
end_of_record
TN:
SF:src/CoverageRevert.sol
DA:4,0
DA:5,0
DA:6,0
DA:7,0
LF:4
LH:0
end_of_record
TN:
SF:src/EmptyTargetFunction.sol
DA:6,0
DA:7,0
LF:2
LH:0
end_of_record
TN:
SF:src/InheritedTarget.sol
DA:6,0
LF:1
LH:0
end_of_record
TN:
SF:src/MathLib.sol
DA:4,0
DA:5,0
DA:6,0
LF:3
LH:0
end_of_record
TN:
SF:src/MathLibLinked.sol
DA:4,0
DA:5,0
DA:6,0
LF:3
LH:0
end_of_record
TN:
SF:src/RaptorFuzz.sol
DA:4,0
DA:6,1
DA:8,1
DA:12,1
DA:13,1
DA:14,1
DA:17,1
DA:19,1
DA:21,1
DA:22,1
DA:23,0
DA:25,1
DA:26,0
DA:27,0
DA:28,0
DA:29,0
DA:30,1
DA:31,1
DA:32,1
DA:33,1
DA:34,1
DA:38,1
DA:42,1
DA:43,1
LF:24
LH:18
end_of_record
TN:
SF:src/TargetContract.sol
DA:9,1
DA:10,0
DA:11,0
DA:12,0
DA:13,0
DA:21,0
DA:22,0
DA:23,0
DA:24,0
DA:27,0
DA:28,0
DA:29,0
DA:32,0
DA:33,0
DA:34,0
DA:37,0
DA:38,0
DA:39,0
DA:41,0
DA:42,0
DA:45,1
DA:46,1
DA:47,1
DA:48,1
DA:51,0
DA:52,0
DA:53,0
DA:54,0
DA:57,0
DA:58,0
DA:59,0
DA:60,0
DA:63,0
DA:64,0
DA:65,0
DA:66,0
LF:36
LH:5
end_of_record